[debug] [2026-01-19T15:51:53.254Z] ----------------------------------------------------------------------
[debug] [2026-01-19T15:51:53.256Z] Command:       /nix/store/ws50yvm6vzlzf7jzz6n7xh4szddrack1-nodejs-20.19.1/bin/node /nix/store/c776mhyhgykcld7p90ajrka149ifn61a-firebase-tools-14.26.0/lib/node_modules/firebase-tools/lib/bin/firebase.js init hosting
[debug] [2026-01-19T15:51:53.256Z] CLI Version:   14.26.0
[debug] [2026-01-19T15:51:53.257Z] Platform:      linux
[debug] [2026-01-19T15:51:53.257Z] Node Version:  v20.19.1
[debug] [2026-01-19T15:51:53.257Z] Time:          Mon Jan 19 2026 15:51:53 GMT+0000 (Coordinated Universal Time)
[debug] [2026-01-19T15:51:53.257Z] ----------------------------------------------------------------------
[debug] 
[debug] [2026-01-19T15:51:53.263Z] No OAuth tokens found
[debug] [2026-01-19T15:51:53.263Z] No OAuth tokens found
[error] Failed to fetch Firebase Project from current Studio Workspace: Unable to refresh auth: not yet authenticated.
[info] 
     ######## #### ########  ######## ########     ###     ######  ########
     ##        ##  ##     ## ##       ##     ##  ##   ##  ##       ##
     ######    ##  ########  ######   ########  #########  ######  ######
     ##        ##  ##    ##  ##       ##     ## ##     ##       ## ##
     ##       #### ##     ## ######## ########  ##     ##  ######  ########

You're about to initialize a Firebase project in this directory:

  /home/user/beacon-signal

[info] 
=== Project Setup
[info] 
[info] First, let's associate this project directory with a Firebase project.
[info] You can create multiple project aliases by running firebase use --add, 
[info] 
[debug] [2026-01-19T15:51:53.270Z] > command requires scopes: ["email","openid","https://www.googleapis.com/auth/cloudplatformprojects.readonly","https://www.googleapis.com/auth/firebase","https://www.googleapis.com/auth/cloud-platform","https://www.googleapis.com/auth/userinfo.email"]
[debug] [2026-01-19T15:51:53.271Z] > authorizing via signed-in user (jyh7559@gmail.com)
[debug] [2026-01-19T15:51:53.271Z] No OAuth tokens found
[debug] [2026-01-19T15:51:53.271Z] No OAuth tokens found
[debug] [2026-01-19T15:51:53.271Z] > command requires scopes: ["email","openid","https://www.googleapis.com/auth/cloudplatformprojects.readonly","https://www.googleapis.com/auth/firebase","https://www.googleapis.com/auth/cloud-platform","https://www.googleapis.com/auth/userinfo.email"]
[debug] [2026-01-19T15:51:53.271Z] > authorizing via signed-in user (jyh7559@gmail.com)
[debug] [2026-01-19T15:51:53.273Z] >>> [apiv2][query] GET https://firebase.googleapis.com/v1beta1/projects/user-5a3ae [none]
[debug] [2026-01-19T15:51:53.571Z] <<< [apiv2][status] GET https://firebase.googleapis.com/v1beta1/projects/user-5a3ae 200
[debug] [2026-01-19T15:51:53.572Z] <<< [apiv2][body] GET https://firebase.googleapis.com/v1beta1/projects/user-5a3ae {"projectId":"user-5a3ae","projectNumber":"198920948437","displayName":"user","name":"projects/user-5a3ae","resources":{"hostingSite":"user-5a3ae"},"state":"ACTIVE","etag":"1_a773acc0-6251-4d1a-8604-b9c75e31ac15"}
[info] i  Using project user-5a3ae (user) . 
[info] 
=== Hosting Setup
[debug] [2026-01-19T15:51:53.581Z] No OAuth tokens found
[debug] [2026-01-19T15:51:53.582Z] No OAuth tokens found
[debug] [2026-01-19T15:51:53.582Z] > command requires scopes: ["email","openid","https://www.googleapis.com/auth/cloudplatformprojects.readonly","https://www.googleapis.com/auth/firebase","https://www.googleapis.com/auth/cloud-platform","https://www.googleapis.com/auth/userinfo.email"]
[debug] [2026-01-19T15:51:53.582Z] > authorizing via signed-in user (jyh7559@gmail.com)
[debug] [2026-01-19T15:51:53.582Z] >>> [apiv2][query] GET https://firebase.googleapis.com/v1beta1/projects/user-5a3ae [none]
[debug] [2026-01-19T15:51:53.814Z] <<< [apiv2][status] GET https://firebase.googleapis.com/v1beta1/projects/user-5a3ae 200
[debug] [2026-01-19T15:51:53.815Z] <<< [apiv2][body] GET https://firebase.googleapis.com/v1beta1/projects/user-5a3ae {"projectId":"user-5a3ae","projectNumber":"198920948437","displayName":"user","name":"projects/user-5a3ae","resources":{"hostingSite":"user-5a3ae"},"state":"ACTIVE","etag":"1_a773acc0-6251-4d1a-8604-b9c75e31ac15"}
[info] 
[info] i  Detected a .git folder at /home/user/beacon-signal 
[info] i  Authorizing with GitHub to upload your service account to a GitHub repository's secrets store. 
[info] 
[info] Visit this URL on this device to log in:
[info] https://github.com/login/oauth/authorize?client_id=89cf50f02ac6aaed3484&state=810461473&redirect_uri=http%3A%2F%2Flocalhost%3A9005&scope=read%3Auser%20repo%20public_repo
[info] 
[info] Waiting for authentication...
